11-30 14:11:39 Info    初始化       初始化日志组件完成
11-30 14:11:39 Alert   系统信息      系统启动
11-30 14:11:39 Alert   开始初始化电子标签 系统启动
11-30 14:11:39 Info              连接标签控制器  成
11-30 14:11:39 Info              启动标签消息接收器...成功
11-30 14:12:44 Info    初始化       初始化日志组件完成
11-30 14:12:44 Alert   系统信息      系统启动
11-30 14:12:44 Alert   开始初始化电子标签 系统启动
11-30 14:12:44 Info              连接标签控制器  成
11-30 14:12:44 Info              启动标签消息接收器...成功
11-30 14:13:36 Info    初始化       初始化日志组件完成
11-30 14:13:36 Alert   系统信息      系统启动
11-30 14:13:36 Alert   开始初始化电子标签 系统启动
11-30 14:13:36 Info              连接标签控制器  成
11-30 14:13:36 Info              启动标签消息接收器...成功
11-30 14:14:04 Info    初始化       初始化日志组件完成
11-30 14:14:04 Alert   系统信息      系统启动
11-30 14:14:04 Alert   开始初始化电子标签 系统启动
11-30 14:14:04 Info              连接标签控制器  成
11-30 14:14:05 Info              启动标签消息接收器...成功
11-30 14:15:01 Info    初始化       初始化日志组件完成
11-30 14:15:01 Alert   系统信息      系统启动
11-30 14:15:01 Alert   开始初始化电子标签 系统启动
11-30 14:15:01 Info              连接标签控制器  成
11-30 14:15:01 Info              启动标签消息接收器...成功
11-30 14:15:26 Info    初始化       初始化日志组件完成
11-30 14:15:26 Alert   系统信息      系统启动
11-30 14:15:26 Alert   开始初始化电子标签 系统启动
11-30 14:15:26 Info              连接标签控制器  成
11-30 14:15:26 Info              启动标签消息接收器...成功
11-30 14:16:13 Info    初始化       初始化日志组件完成
11-30 14:16:13 Alert   系统信息      系统启动
11-30 14:16:13 Alert   开始初始化电子标签 系统启动
11-30 14:16:13 Info              连接标签控制器  成
11-30 14:16:13 Info              启动标签消息接收器...成功
11-30 14:16:45 Info    初始化       初始化日志组件完成
11-30 14:16:45 Alert   系统信息      系统启动
11-30 14:16:45 Alert   开始初始化电子标签 系统启动
11-30 14:16:45 Info              连接标签控制器  成
11-30 14:16:45 Info              启动标签消息接收器...成功
11-30 14:18:49 Info    初始化       初始化日志组件完成
11-30 14:18:49 Alert   系统信息      系统启动
11-30 14:18:49 Alert   开始初始化电子标签 系统启动
11-30 14:18:49 Info              连接标签控制器  成
11-30 14:18:49 Info              启动标签消息接收器...成功
11-30 14:19:52 Info    初始化       初始化日志组件完成
11-30 14:19:52 Alert   系统信息      系统启动
11-30 14:19:52 Alert   开始初始化电子标签 系统启动
11-30 14:19:52 Info              连接标签控制器  成
11-30 14:19:52 Info              启动标签消息接收器...成功
11-30 14:24:07 Info    初始化       初始化日志组件完成
11-30 14:24:07 Alert   系统信息      系统启动
11-30 14:24:07 Alert   开始初始化电子标签 系统启动
11-30 14:24:07 Info              连接标签控制器  成
11-30 14:24:07 Info              启动标签消息接收器...成功
11-30 14:25:12 Info    初始化       初始化日志组件完成
11-30 14:25:12 Alert   系统信息      系统启动
11-30 14:25:12 Alert   开始初始化电子标签 系统启动
11-30 14:25:12 Info              连接标签控制器  成
11-30 14:25:12 Info              启动标签消息接收器...成功
11-30 14:26:37 Info    初始化       初始化日志组件完成
11-30 14:26:37 Alert   系统信息      系统启动
11-30 14:26:37 Alert   开始初始化电子标签 系统启动
11-30 14:26:37 Info              连接标签控制器  成
11-30 14:26:37 Info              启动标签消息接收器...成功
11-30 14:27:02 Info    初始化       初始化日志组件完成
11-30 14:27:02 Alert   系统信息      系统启动
11-30 14:27:02 Alert   开始初始化电子标签 系统启动
11-30 14:27:02 Info              连接标签控制器  成
11-30 14:27:02 Info              启动标签消息接收器...成功
11-30 14:35:43 Info    初始化       初始化日志组件完成
11-30 14:35:43 Alert   系统信息      系统启动
11-30 14:35:43 Alert   开始初始化电子标签 系统启动
11-30 14:35:43 Info              连接标签控制器  成
11-30 14:35:43 Info              启动标签消息接收器...成功
11-30 14:37:10 Info    初始化       初始化日志组件完成
11-30 14:37:10 Alert   系统信息      系统启动
11-30 14:37:10 Alert   开始初始化电子标签 系统启动
11-30 14:37:10 Info              连接标签控制器  成
11-30 14:37:10 Info              启动标签消息接收器...成功
11-30 14:41:18 Info    初始化       初始化日志组件完成
11-30 14:41:18 Alert   系统信息      系统启动
11-30 14:41:18 Alert   开始初始化电子标签 系统启动
11-30 14:41:18 Info              连接标签控制器  成
11-30 14:41:18 Info              启动标签消息接收器...成功
11-30 14:42:11 Info    初始化       初始化日志组件完成
11-30 14:42:11 Alert   系统信息      系统启动
11-30 14:42:11 Alert   开始初始化电子标签 系统启动
11-30 14:42:11 Info              连接标签控制器  成
11-30 14:42:11 Info              启动标签消息接收器...成功
11-30 14:42:36 Info    初始化       初始化日志组件完成
11-30 14:42:36 Alert   系统信息      系统启动
11-30 14:42:36 Alert   开始初始化电子标签 系统启动
11-30 14:42:36 Info              连接标签控制器  成
11-30 14:42:36 Info              启动标签消息接收器...成功
11-30 14:52:32 Info    初始化       初始化日志组件完成
11-30 14:52:32 Alert   系统信息      系统启动
11-30 14:52:32 Alert   开始初始化电子标签 系统启动
11-30 14:52:32 Info              连接标签控制器  成
11-30 14:52:32 Info              启动标签消息接收器...成功
11-30 14:57:19 Info    初始化       初始化日志组件完成
11-30 14:57:19 Alert   系统信息      系统启动
11-30 14:57:19 Alert   开始初始化电子标签 系统启动
11-30 14:57:19 Info              连接标签控制器  成
11-30 14:57:19 Info              启动标签消息接收器...成功
11-30 14:57:29 Alert             正常点亮标签号:1
11-30 14:57:48 Alert             正常点亮标签号:6
11-30 14:57:48 Alert             正常点亮标签号:5
11-30 14:57:48 Alert             正常点亮标签号:4
11-30 14:57:48 Alert             正常点亮标签号:3
11-30 14:57:48 Alert             正常点亮标签号:2
11-30 14:57:48 Alert             正常点亮标签号:1
11-30 14:58:44 Info    初始化       初始化日志组件完成
11-30 14:58:44 Alert   系统信息      系统启动
11-30 14:58:44 Alert   开始初始化电子标签 系统启动
11-30 14:58:44 Info              连接标签控制器  成
11-30 14:58:44 Info              启动标签消息接收器...成功
11-30 14:58:53 Alert             正常点亮标签号:6
11-30 14:58:53 Alert             正常点亮标签号:5
11-30 14:58:53 Alert             正常点亮标签号:4
11-30 14:58:53 Alert             正常点亮标签号:3
11-30 14:58:53 Alert             正常点亮标签号:2
11-30 14:58:53 Alert             正常点亮标签号:1
