11-30 15:00:41 Info    初始化       初始化日志组件完成
11-30 15:00:41 Alert   系统信息      系统启动
11-30 15:00:41 Alert   开始初始化电子标签 系统启动
11-30 15:00:41 Info              连接标签控制器  成
11-30 15:00:41 Info              启动标签消息接收器...成功
11-30 15:02:26 Info    初始化       初始化日志组件完成
11-30 15:02:26 Alert   系统信息      系统启动
11-30 15:02:26 Alert   开始初始化电子标签 系统启动
11-30 15:02:26 Info              连接标签控制器  成
11-30 15:02:26 Info              启动标签消息接收器...成功
11-30 15:03:45 Info    初始化       初始化日志组件完成
11-30 15:03:45 Alert   系统信息      系统启动
11-30 15:03:45 Alert   开始初始化电子标签 系统启动
11-30 15:03:45 Info              连接标签控制器  成
11-30 15:03:45 Info              启动标签消息接收器...成功
11-30 15:03:49 Alert             正常点亮标签号:3
11-30 15:03:51 Alert             正常点亮标签号:3
11-30 15:03:54 Alert             正常点亮标签号:6
11-30 15:03:54 Alert             正常点亮标签号:5
11-30 15:03:54 Alert             正常点亮标签号:4
11-30 15:03:54 Alert             正常点亮标签号:3
11-30 15:03:54 Alert             正常点亮标签号:2
11-30 15:03:54 Alert             正常点亮标签号:1
11-30 15:05:23 Info    初始化       初始化日志组件完成
11-30 15:05:23 Alert   系统信息      系统启动
11-30 15:05:23 Alert   开始初始化电子标签 系统启动
11-30 15:05:23 Info              连接标签控制器  成
11-30 15:05:23 Info              启动标签消息接收器...成功
11-30 15:05:27 Alert             正常点亮标签号:6
11-30 15:05:27 Alert             正常点亮标签号:5
11-30 15:05:27 Alert             正常点亮标签号:4
11-30 15:05:27 Alert             正常点亮标签号:3
11-30 15:05:27 Alert             正常点亮标签号:2
11-30 15:05:27 Alert             正常点亮标签号:1
11-30 15:05:28 Alert             清除标签号:6
11-30 15:05:28 Alert             清除标签号:5
11-30 15:05:28 Alert             清除标签号:4
11-30 15:05:28 Alert             清除标签号:3
11-30 15:05:28 Alert             清除标签号:2
11-30 15:05:28 Alert             清除标签号:1
