11-30 13:06:32 Info    初始化       初始化日志组件完成
11-30 13:06:32 Alert   系统信息      系统启动
11-30 13:06:32 Alert   开始初始化电子标签 系统启动
11-30 13:14:31 Info    初始化       初始化日志组件完成
11-30 13:14:31 Alert   系统信息      系统启动
11-30 13:14:31 Alert   开始初始化电子标签 系统启动
11-30 13:14:31 Error             实例化电子标签出错！错误如下:未将对象引用设置到对象的实例。
11-30 13:16:11 Info    初始化       初始化日志组件完成
11-30 13:16:11 Alert   系统信息      系统启动
11-30 13:16:11 Alert   开始初始化电子标签 系统启动
11-30 13:31:20 Info    初始化       初始化日志组件完成
11-30 13:31:20 Alert   系统信息      系统启动
11-30 13:31:20 Alert   开始初始化电子标签 系统启动
11-30 13:31:20 Error             标签控制器连接出错！API文件打开失败!请检查IPINDEX.INI文件!
11-30 13:31:20 Info              启动标签消息接收器...成功
11-30 13:32:20 Info    初始化       初始化日志组件完成
11-30 13:32:20 Alert   系统信息      系统启动
11-30 13:32:20 Alert   开始初始化电子标签 系统启动
11-30 13:32:20 Error             标签控制器连接出错！API文件打开失败!请检查IPINDEX.INI文件!
11-30 13:32:20 Info              启动标签消息接收器...成功
11-30 13:33:30 Info    初始化       初始化日志组件完成
11-30 13:33:30 Alert   系统信息      系统启动
11-30 13:33:30 Alert   开始初始化电子标签 系统启动
11-30 13:33:30 Error             标签控制器连接出错！API文件打开失败!请检查IPINDEX.INI文件!
11-30 13:33:30 Info              启动标签消息接收器...成功
11-30 13:34:05 Info    初始化       初始化日志组件完成
11-30 13:34:05 Alert   系统信息      系统启动
11-30 13:34:05 Alert   开始初始化电子标签 系统启动
11-30 13:34:05 Error             标签控制器连接出错！API文件打开失败!请检查IPINDEX.INI文件!
11-30 13:34:05 Info              启动标签消息接收器...成功
11-30 13:39:19 Info    初始化       初始化日志组件完成
11-30 13:39:19 Alert   系统信息      系统启动
11-30 13:39:19 Alert   开始初始化电子标签 系统启动
11-30 13:39:19 Error             标签控制器连接出错！API文件打开失败!请检查IPINDEX.INI文件!
11-30 13:39:19 Info              启动标签消息接收器...成功
11-30 13:40:43 Info    初始化       初始化日志组件完成
11-30 13:40:43 Alert   系统信息      系统启动
11-30 13:40:43 Alert   开始初始化电子标签 系统启动
11-30 13:40:43 Error             标签控制器连接出错！API文件打开失败!请检查IPINDEX.INI文件!
11-30 13:40:43 Info              启动标签消息接收器...成功
11-30 13:41:17 Info    初始化       初始化日志组件完成
11-30 13:41:17 Alert   系统信息      系统启动
11-30 13:41:17 Alert   开始初始化电子标签 系统启动
11-30 13:41:17 Error             标签控制器连接出错！API文件打开失败!请检查IPINDEX.INI文件!
11-30 13:41:17 Info              启动标签消息接收器...成功
11-30 13:42:14 Info    初始化       初始化日志组件完成
11-30 13:42:14 Alert   系统信息      系统启动
11-30 13:42:14 Alert   开始初始化电子标签 系统启动
11-30 13:42:14 Error             标签控制器连接出错！API文件打开失败!请检查IPINDEX.INI文件!
11-30 13:42:14 Info              启动标签消息接收器...成功
11-30 13:45:22 Info    初始化       初始化日志组件完成
11-30 13:45:22 Alert   系统信息      系统启动
11-30 13:45:22 Alert   开始初始化电子标签 系统启动
11-30 13:45:22 Error             标签控制器连接出错！API文件打开失败!请检查IPINDEX.INI文件!
11-30 13:45:22 Info              启动标签消息接收器...成功
11-30 13:51:31 Info    初始化       初始化日志组件完成
11-30 13:51:31 Alert   系统信息      系统启动
11-30 13:51:31 Alert   开始初始化电子标签 系统启动
11-30 13:51:31 Error             标签控制器连接出错！API文件打开失败!请检查IPINDEX.INI文件!
11-30 13:51:31 Info              启动标签消息接收器...成功
11-30 13:54:15 Info    初始化       初始化日志组件完成
11-30 13:54:15 Alert   系统信息      系统启动
11-30 13:54:15 Alert   开始初始化电子标签 系统启动
11-30 13:54:15 Error             标签控制器连接出错！API文件打开失败!请检查IPINDEX.INI文件!
11-30 13:54:15 Info              启动标签消息接收器...成功
11-30 13:55:52 Info    初始化       初始化日志组件完成
11-30 13:55:52 Alert   系统信息      系统启动
11-30 13:55:52 Alert   开始初始化电子标签 系统启动
11-30 13:55:52 Error             标签控制器连接出错！API文件打开失败!请检查IPINDEX.INI文件!
11-30 13:55:52 Info              启动标签消息接收器...成功
11-30 13:56:35 Info    初始化       初始化日志组件完成
11-30 13:56:35 Alert   系统信息      系统启动
11-30 13:56:35 Alert   开始初始化电子标签 系统启动
11-30 13:56:35 Info              连接标签控制器  成
11-30 13:56:35 Info              启动标签消息接收器...成功
