12-02 11:00:14 Info    初始化       初始化日志组件完成
12-02 11:00:14 Alert   系统信息      系统启动
12-02 11:00:33 Info    初始化       初始化日志组件完成
12-02 11:00:33 Alert   系统信息      系统启动
12-02 11:02:21 Info    初始化       初始化日志组件完成
12-02 11:02:21 Alert   系统信息      系统启动
12-02 11:08:35 Info    初始化       初始化日志组件完成
12-02 11:08:35 Alert   系统信息      系统启动
12-02 11:12:53 Info    初始化       初始化日志组件完成
12-02 11:12:53 Alert   系统信息      系统启动
12-02 11:15:28 Info    初始化       初始化日志组件完成
12-02 11:15:28 Alert   系统信息      系统启动
12-02 11:15:54 Alert             索引(从零开始)必须大于或等于零，且小于参数列表的大小。
12-02 11:16:01 Alert             索引(从零开始)必须大于或等于零，且小于参数列表的大小。
12-02 11:17:47 Info    初始化       初始化日志组件完成
12-02 11:17:47 Alert   系统信息      系统启动
12-02 11:17:57 Alert             索引(从零开始)必须大于或等于零，且小于参数列表的大小。
12-02 11:20:14 Info    初始化       初始化日志组件完成
12-02 11:20:14 Alert   系统信息      系统启动
12-02 11:20:22 Alert             索引(从零开始)必须大于或等于零，且小于参数列表的大小。
12-02 11:24:49 Info    初始化       初始化日志组件完成
12-02 11:24:49 Alert   系统信息      系统启动
12-02 11:24:53 Alert             列名 'NameOpcItemName' 无效。
SQL语句:UPDATE  sm_PLCData set ID=1002,NameOpcItemName=one121,ItemValue=2008,State=1  where ID=1001
12-02 11:27:12 Info    初始化       初始化日志组件完成
12-02 11:27:12 Alert   系统信息      系统启动
12-02 11:27:15 Alert             列名 'one121' 无效。
SQL语句:UPDATE  sm_PLCData set ID=1002,OpcItemName=one121,ItemValue=2008,State=1  where ID=1001
12-02 11:28:43 Info    初始化       初始化日志组件完成
12-02 11:28:43 Alert   系统信息      系统启动
12-02 11:28:47 Alert             列名 'one121' 无效。
SQL语句:UPDATE  sm_PLCData set ID=1002,OpcItemName=one121,ItemValue=2008,State=1  where ID=1001
12-02 11:29:29 Info    初始化       初始化日志组件完成
12-02 11:29:29 Alert   系统信息      系统启动
12-02 11:30:32 Info    初始化       初始化日志组件完成
12-02 11:30:32 Alert   系统信息      系统启动
12-02 11:31:07 Info    初始化       初始化日志组件完成
12-02 11:31:07 Alert   系统信息      系统启动
12-02 11:32:39 Info    初始化       初始化日志组件完成
12-02 11:32:39 Alert   系统信息      系统启动
12-02 11:32:40 Alert             列名 'one212' 无效。
SQL语句:UPDATE  sm_PLCData set ID=1002,OpcItemName=one212,ItemValue=2008,State=1  where ID=1001
12-02 11:35:08 Info    初始化       初始化日志组件完成
12-02 11:35:08 Alert   系统信息      系统启动
12-02 11:35:36 Info    初始化       初始化日志组件完成
12-02 11:35:36 Alert   系统信息      系统启动
12-02 11:35:38 Alert             违反了 PRIMARY KEY 约束 'PK__sm_PLCDa__3214EC2703317E3D'。不能在对象 'dbo.sm_PLCData' 中插入重复键。
语句已终止。
SQL语句:UPDATE  sm_PLCData set ID=1002,OpcItemName=212,ItemValue=2008,State=1  where ID=1
12-02 11:35:59 Info    初始化       初始化日志组件完成
12-02 11:35:59 Alert   系统信息      系统启动
12-02 11:37:01 Info    初始化       初始化日志组件完成
12-02 11:37:01 Alert   系统信息      系统启动
12-02 11:37:31 Info    初始化       初始化日志组件完成
12-02 11:37:31 Alert   系统信息      系统启动
12-02 11:37:39 Alert             索引(从零开始)必须大于或等于零，且小于参数列表的大小。
12-02 11:39:08 Info    初始化       初始化日志组件完成
12-02 11:39:08 Alert   系统信息      系统启动
12-02 11:40:22 Info    初始化       初始化日志组件完成
12-02 11:40:22 Alert   系统信息      系统启动
12-02 11:40:31 Alert             列名 'daf' 无效。
SQL语句:UPDATE  sm_PLCData set ID=1002,OpcItemName=daf,ItemValue=21,State=1  where ID=1002
12-02 11:41:04 Info    初始化       初始化日志组件完成
12-02 11:41:04 Alert   系统信息      系统启动
12-02 11:51:36 Info    初始化       初始化日志组件完成
12-02 11:51:36 Alert   系统信息      系统启动
12-02 11:51:38 Info              Plc配置错误,未能加载文件或程序集“Interop.OPCCOMC6, Version=1.0.0.0, Culture=neutral, PublicKeyToken=null”或它的某一个依赖项。系统找不到指定的文件。
12-02 11:51:38 Info              plc初始化失败
12-02 11:52:41 Info    初始化       初始化日志组件完成
12-02 11:52:41 Alert   系统信息      系统启动
12-02 11:52:42 Info              plc初始化成功
12-02 11:52:42 Info              plc连接状态变化:True
12-02 11:54:41 Info    初始化       初始化日志组件完成
12-02 11:54:41 Alert   系统信息      系统启动
12-02 11:54:42 Info              plc初始化成功
12-02 11:54:42 Info              plc连接状态变化:True
12-02 11:55:39 Info    初始化       初始化日志组件完成
12-02 11:55:39 Alert   系统信息      系统启动
12-02 11:55:41 Info              plc初始化成功
12-02 11:55:41 Info              plc连接状态变化:True
