12-02 14:25:56 Info    初始化       初始化日志组件完成
12-02 14:25:56 Alert   系统信息      系统启动
12-02 14:27:07 Info    初始化       初始化日志组件完成
12-02 14:27:07 Alert   系统信息      系统启动
12-02 14:27:17 Info              连接成功
12-02 14:27:21 Info              开始发送
12-02 14:27:36 Info              发送数值1
12-02 14:27:36 Info              发送数值2
12-02 14:27:36 Info              发送数值3
12-02 14:27:36 Info              发送数值4
12-02 14:27:36 Info              发送数值5
12-02 14:27:36 Info              发送数值6
12-02 14:27:36 Info              发送数值7
12-02 14:27:36 Info              发送数值8
12-02 14:27:36 Info              发送数值9
12-02 14:27:36 Info              发送数值10
12-02 14:30:45 Info    初始化       初始化日志组件完成
12-02 14:30:45 Alert   系统信息      系统启动
12-02 14:30:58 Info              连接成功
12-02 14:31:02 Info              开始发送
12-02 14:31:17 Info              发送数值11
12-02 14:31:56 Info    初始化       初始化日志组件完成
12-02 14:31:56 Alert   系统信息      系统启动
12-02 14:32:04 Info              连接成功
12-02 14:32:06 Info              开始发送
12-02 14:32:21 Info              发送数值11
12-02 14:33:11 Info    初始化       初始化日志组件完成
12-02 14:33:11 Alert   系统信息      系统启动
12-02 14:33:19 Info              连接成功
12-02 14:34:40 Info    初始化       初始化日志组件完成
12-02 14:34:40 Alert   系统信息      系统启动
12-02 14:36:37 Info    初始化       初始化日志组件完成
12-02 14:36:37 Alert   系统信息      系统启动
12-02 14:36:52 Info              连接成功
12-02 14:36:53 Info              开始发送
12-02 14:37:08 Info    初始化       初始化日志组件完成
12-02 14:37:08 Alert   系统信息      系统启动
12-02 14:37:10 Info              连接成功
12-02 14:37:12 Info              开始发送
12-02 14:37:27 Info              发送数值1
12-02 14:38:11 Info    初始化       初始化日志组件完成
12-02 14:38:11 Alert   系统信息      系统启动
12-02 14:38:14 Info              连接成功
12-02 14:38:18 Info              开始发送
12-02 14:38:33 Info              发送数值1
12-02 14:39:17 Info    初始化       初始化日志组件完成
12-02 14:39:17 Alert   系统信息      系统启动
12-02 14:39:20 Info              连接成功
12-02 14:39:21 Info              开始发送
12-02 14:39:36 Info              发送数值1
12-02 14:40:34 Info    初始化       初始化日志组件完成
12-02 14:40:34 Alert   系统信息      系统启动
12-02 14:40:35 Info              连接成功
12-02 14:40:37 Info              开始发送
12-02 14:40:52 Info              发送数值1
12-02 14:41:07 Info              发送数值2
12-02 14:41:22 Info              发送数值3
12-02 14:42:46 Info    初始化       初始化日志组件完成
12-02 14:42:46 Alert   系统信息      系统启动
12-02 14:42:47 Info              连接成功
12-02 14:45:01 Info    初始化       初始化日志组件完成
12-02 14:45:01 Alert   系统信息      系统启动
12-02 14:45:02 Info              连接成功
12-02 14:45:06 Info              开始发送
12-02 14:45:21 Info              发送数值1
12-02 14:45:36 Info              发送数值2
12-02 14:45:51 Info              发送数值3
12-02 14:46:43 Info    初始化       初始化日志组件完成
12-02 14:46:43 Alert   系统信息      系统启动
12-02 14:46:44 Info              连接成功
12-02 14:47:05 Info    初始化       初始化日志组件完成
12-02 14:47:05 Alert   系统信息      系统启动
12-02 14:47:08 Info              连接成功
12-02 14:47:09 Info              开始发送
12-02 14:47:12 Info              发送数值1
12-02 14:47:15 Info              发送数值2
12-02 14:47:18 Info              发送数值3
12-02 14:47:21 Info              发送数值4
