12-02 12:39:44 Info    初始化       初始化日志组件完成
12-02 12:39:44 Alert   系统信息      系统启动
12-02 12:51:44 Info    初始化       初始化日志组件完成
12-02 12:51:44 Alert   系统信息      系统启动
12-02 12:54:30 Info    初始化       初始化日志组件完成
12-02 12:54:30 Alert   系统信息      系统启动
12-02 12:54:31 Info              连接成功
12-02 12:54:34 Info              开始发送
12-02 12:55:02 Info    初始化       初始化日志组件完成
12-02 12:55:02 Alert   系统信息      系统启动
12-02 12:55:03 Info              连接成功
12-02 12:55:03 Info              开始发送
12-02 12:55:13 Info    初始化       初始化日志组件完成
12-02 12:55:13 Alert   系统信息      系统启动
12-02 12:55:14 Info              连接成功
12-02 12:55:15 Info              开始发送
12-02 12:58:31 Info    初始化       初始化日志组件完成
12-02 12:58:31 Alert   系统信息      系统启动
12-02 12:58:39 Info              连接成功
12-02 12:58:44 Info              开始发送
12-02 12:58:46 Info              发送数值1
12-02 12:58:46 Info              发送数值2
12-02 12:58:46 Info              发送数值3
12-02 12:58:46 Info              发送数值4
12-02 12:58:46 Info              发送数值5
12-02 12:58:46 Info              发送数值6
12-02 12:58:46 Info              发送数值7
12-02 12:58:46 Info              发送数值8
12-02 12:58:46 Info              发送数值9
12-02 12:58:46 Info              发送数值10
12-02 12:59:40 Info              连接成功
12-02 12:59:41 Info              开始发送
12-02 12:59:43 Info              发送数值1
12-02 12:59:43 Info              发送数值2
12-02 12:59:43 Info              发送数值3
12-02 12:59:43 Info              发送数值4
12-02 12:59:43 Info              发送数值5
12-02 12:59:43 Info              发送数值6
12-02 12:59:43 Info              发送数值7
12-02 12:59:43 Info              发送数值8
12-02 12:59:43 Info              发送数值9
12-02 12:59:43 Info              发送数值10
